[32m[Nest] 23036  - [39m03/04/2026, 2:20:13 pm [32m    LOG[39m [38;5;3m[NestFactory] [39m[32mStarting Nest application...[39m
[32m[Nest] 23036  - [39m03/04/2026, 2:20:13 pm [32m    LOG[39m [38;5;3m[InstanceLoader] [39m[32mAppModule dependencies initialized[39m[38;5;3m +33ms[39m
[32m[Nest] 23036  - [39m03/04/2026, 2:20:13 pm [32m    LOG[39m [38;5;3m[InstanceLoader] [39m[32mMongooseModule dependencies initialized[39m[38;5;3m +1ms[39m
[32m[Nest] 23036  - [39m03/04/2026, 2:20:13 pm [32m    LOG[39m [38;5;3m[InstanceLoader] [39m[32mPassportModule dependencies initialized[39m[38;5;3m +0ms[39m
[32m[Nest] 23036  - [39m03/04/2026, 2:20:13 pm [32m    LOG[39m [38;5;3m[InstanceLoader] [39m[32mConfigHostModule dependencies initialized[39m[38;5;3m +0ms[39m
[32m[Nest] 23036  - [39m03/04/2026, 2:20:13 pm [32m    LOG[39m [38;5;3m[InstanceLoader] [39m[32mJwtModule dependencies initialized[39m[38;5;3m +0ms[39m
[32m[Nest] 23036  - [39m03/04/2026, 2:20:13 pm [32m    LOG[39m [38;5;3m[InstanceLoader] [39m[32mConfigModule dependencies initialized[39m[38;5;3m +1ms[39m
[32m[Nest] 23036  - [39m03/04/2026, 2:20:14 pm [32m    LOG[39m [38;5;3m[InstanceLoader] [39m[32mMongooseCoreModule dependencies initialized[39m[38;5;3m +961ms[39m
[32m[Nest] 23036  - [39m03/04/2026, 2:20:14 pm [32m    LOG[39m [38;5;3m[InstanceLoader] [39m[32mMongooseModule dependencies initialized[39m[38;5;3m +8ms[39m
[32m[Nest] 23036  - [39m03/04/2026, 2:20:14 pm [32m    LOG[39m [38;5;3m[InstanceLoader] [39m[32mMongooseModule dependencies initialized[39m[38;5;3m +0ms[39m
[32m[Nest] 23036  - [39m03/04/2026, 2:20:14 pm [32m    LOG[39m [38;5;3m[InstanceLoader] [39m[32mMongooseModule dependencies initialized[39m[38;5;3m +0ms[39m
[32m[Nest] 23036  - [39m03/04/2026, 2:20:14 pm [32m    LOG[39m [38;5;3m[InstanceLoader] [39m[32mMongooseModule dependencies initialized[39m[38;5;3m +0ms[39m
[32m[Nest] 23036  - [39m03/04/2026, 2:20:14 pm [32m    LOG[39m [38;5;3m[InstanceLoader] [39m[32mUsersModule dependencies initialized[39m[38;5;3m +2ms[39m
[32m[Nest] 23036  - [39m03/04/2026, 2:20:14 pm [32m    LOG[39m [38;5;3m[InstanceLoader] [39m[32mClubsModule dependencies initialized[39m[38;5;3m +0ms[39m
[32m[Nest] 23036  - [39m03/04/2026, 2:20:14 pm [32m    LOG[39m [38;5;3m[InstanceLoader] [39m[32mEventsModule dependencies initialized[39m[38;5;3m +0ms[39m
[32m[Nest] 23036  - [39m03/04/2026, 2:20:14 pm [32m    LOG[39m [38;5;3m[InstanceLoader] [39m[32mNotificationsModule dependencies initialized[39m[38;5;3m +0ms[39m
[32m[Nest] 23036  - [39m03/04/2026, 2:20:14 pm [32m    LOG[39m [38;5;3m[InstanceLoader] [39m[32mAuthModule dependencies initialized[39m[38;5;3m +1ms[39m
[32m[Nest] 23036  - [39m03/04/2026, 2:20:14 pm [32m    LOG[39m [38;5;3m[RoutesResolver] [39m[32mAuthController {/api/auth}:[39m[38;5;3m +32ms[39m
[32m[Nest] 23036  - [39m03/04/2026, 2:20:14 pm [32m    LOG[39m [38;5;3m[RouterExplorer] [39m[32mMapped {/api/auth/register, POST} route[39m[38;5;3m +3ms[39m
[32m[Nest] 23036  - [39m03/04/2026, 2:20:14 pm [32m    LOG[39m [38;5;3m[RouterExplorer] [39m[32mMapped {/api/auth/login, POST} route[39m[38;5;3m +1ms[39m
[32m[Nest] 23036  - [39m03/04/2026, 2:20:14 pm [32m    LOG[39m [38;5;3m[RouterExplorer] [39m[32mMapped {/api/auth/profile, GET} route[39m[38;5;3m +0ms[39m
[32m[Nest] 23036  - [39m03/04/2026, 2:20:14 pm [32m    LOG[39m [38;5;3m[RouterExplorer] [39m[32mMapped {/api/auth/validate, POST} route[39m[38;5;3m +1ms[39m
[32m[Nest] 23036  - [39m03/04/2026, 2:20:14 pm [32m    LOG[39m [38;5;3m[RoutesResolver] [39m[32mUsersController {/api/users}:[39m[38;5;3m +0ms[39m
[32m[Nest] 23036  - [39m03/04/2026, 2:20:14 pm [32m    LOG[39m [38;5;3m[RouterExplorer] [39m[32mMapped {/api/users, POST} route[39m[38;5;3m +0ms[39m
[32m[Nest] 23036  - [39m03/04/2026, 2:20:14 pm [32m    LOG[39m [38;5;3m[RouterExplorer] [39m[32mMapped {/api/users, GET} route[39m[38;5;3m +0ms[39m
[32m[Nest] 23036  - [39m03/04/2026, 2:20:14 pm [32m    LOG[39m [38;5;3m[RouterExplorer] [39m[32mMapped {/api/users/students, GET} route[39m[38;5;3m +1ms[39m
[32m[Nest] 23036  - [39m03/04/2026, 2:20:14 pm [32m    LOG[39m [38;5;3m[RouterExplorer] [39m[32mMapped {/api/users/club-admins, GET} route[39m[38;5;3m +0ms[39m
[32m[Nest] 23036  - [39m03/04/2026, 2:20:14 pm [32m    LOG[39m [38;5;3m[RouterExplorer] [39m[32mMapped {/api/users/profile, GET} route[39m[38;5;3m +0ms[39m
[32m[Nest] 23036  - [39m03/04/2026, 2:20:14 pm [32m    LOG[39m [38;5;3m[RouterExplorer] [39m[32mMapped {/api/users/:id, GET} route[39m[38;5;3m +1ms[39m
[32m[Nest] 23036  - [39m03/04/2026, 2:20:14 pm [32m    LOG[39m [38;5;3m[RouterExplorer] [39m[32mMapped {/api/users/:id, PATCH} route[39m[38;5;3m +0ms[39m
[32m[Nest] 23036  - [39m03/04/2026, 2:20:14 pm [32m    LOG[39m [38;5;3m[RouterExplorer] [39m[32mMapped {/api/users/:id, DELETE} route[39m[38;5;3m +1ms[39m
[32m[Nest] 23036  - [39m03/04/2026, 2:20:14 pm [32m    LOG[39m [38;5;3m[RouterExplorer] [39m[32mMapped {/api/users/:userId/join-club/:clubId, POST} route[39m[38;5;3m +0ms[39m
[32m[Nest] 23036  - [39m03/04/2026, 2:20:14 pm [32m    LOG[39m [38;5;3m[RouterExplorer] [39m[32mMapped {/api/users/:userId/leave-club/:clubId, POST} route[39m[38;5;3m +1ms[39m
[32m[Nest] 23036  - [39m03/04/2026, 2:20:14 pm [32m    LOG[39m [38;5;3m[RouterExplorer] [39m[32mMapped {/api/users/:userId/assign-club-admin/:clubId, POST} route[39m[38;5;3m +0ms[39m
[32m[Nest] 23036  - [39m03/04/2026, 2:20:14 pm [32m    LOG[39m [38;5;3m[RouterExplorer] [39m[32mMapped {/api/users/:userId/remove-club-admin/:clubId, POST} route[39m[38;5;3m +0ms[39m
[32m[Nest] 23036  - [39m03/04/2026, 2:20:14 pm [32m    LOG[39m [38;5;3m[RoutesResolver] [39m[32mClubsController {/api/clubs}:[39m[38;5;3m +1ms[39m
[32m[Nest] 23036  - [39m03/04/2026, 2:20:14 pm [32m    LOG[39m [38;5;3m[RouterExplorer] [39m[32mMapped {/api/clubs, POST} route[39m[38;5;3m +0ms[39m
[32m[Nest] 23036  - [39m03/04/2026, 2:20:14 pm [32m    LOG[39m [38;5;3m[RouterExplorer] [39m[32mMapped {/api/clubs, GET} route[39m[38;5;3m +0ms[39m
[32m[Nest] 23036  - [39m03/04/2026, 2:20:14 pm [32m    LOG[39m [38;5;3m[RouterExplorer] [39m[32mMapped {/api/clubs/search, GET} route[39m[38;5;3m +0ms[39m
[32m[Nest] 23036  - [39m03/04/2026, 2:20:14 pm [32m    LOG[39m [38;5;3m[RouterExplorer] [39m[32mMapped {/api/clubs/category/:category, GET} route[39m[38;5;3m +1ms[39m
[32m[Nest] 23036  - [39m03/04/2026, 2:20:14 pm [32m    LOG[39m [38;5;3m[RouterExplorer] [39m[32mMapped {/api/clubs/my-clubs, GET} route[39m[38;5;3m +0ms[39m
[32m[Nest] 23036  - [39m03/04/2026, 2:20:14 pm [32m    LOG[39m [38;5;3m[RouterExplorer] [39m[32mMapped {/api/clubs/:id, GET} route[39m[38;5;3m +0ms[39m
[32m[Nest] 23036  - [39m03/04/2026, 2:20:14 pm [32m    LOG[39m [38;5;3m[RouterExplorer] [39m[32mMapped {/api/clubs/:id, PATCH} route[39m[38;5;3m +0ms[39m
[32m[Nest] 23036  - [39m03/04/2026, 2:20:14 pm [32m    LOG[39m [38;5;3m[RouterExplorer] [39m[32mMapped {/api/clubs/:id, DELETE} route[39m[38;5;3m +0ms[39m
[32m[Nest] 23036  - [39m03/04/2026, 2:20:14 pm [32m    LOG[39m [38;5;3m[RouterExplorer] [39m[32mMapped {/api/clubs/:id/join, POST} route[39m[38;5;3m +1ms[39m
[32m[Nest] 23036  - [39m03/04/2026, 2:20:14 pm [32m    LOG[39m [38;5;3m[RouterExplorer] [39m[32mMapped {/api/clubs/:id/approve/:userId, POST} route[39m[38;5;3m +0ms[39m
[32m[Nest] 23036  - [39m03/04/2026, 2:20:14 pm [32m    LOG[39m [38;5;3m[RouterExplorer] [39m[32mMapped {/api/clubs/:id/reject/:userId, POST} route[39m[38;5;3m +0ms[39m
[32m[Nest] 23036  - [39m03/04/2026, 2:20:14 pm [32m    LOG[39m [38;5;3m[RouterExplorer] [39m[32mMapped {/api/clubs/:id/remove-member/:userId, POST} route[39m[38;5;3m +0ms[39m
[32m[Nest] 23036  - [39m03/04/2026, 2:20:14 pm [32m    LOG[39m [38;5;3m[RouterExplorer] [39m[32mMapped {/api/clubs/:id/pending-requests, GET} route[39m[38;5;3m +0ms[39m
[32m[Nest] 23036  - [39m03/04/2026, 2:20:14 pm [32m    LOG[39m [38;5;3m[RoutesResolver] [39m[32mEventsController {/api/events}:[39m[38;5;3m +0ms[39m
[32m[Nest] 23036  - [39m03/04/2026, 2:20:14 pm [32m    LOG[39m [38;5;3m[RouterExplorer] [39m[32mMapped {/api/events, POST} route[39m[38;5;3m +0ms[39m
[32m[Nest] 23036  - [39m03/04/2026, 2:20:14 pm [32m    LOG[39m [38;5;3m[RouterExplorer] [39m[32mMapped {/api/events, GET} route[39m[38;5;3m +1ms[39m
[32m[Nest] 23036  - [39m03/04/2026, 2:20:14 pm [32m    LOG[39m [38;5;3m[RouterExplorer] [39m[32mMapped {/api/events/upcoming, GET} route[39m[38;5;3m +0ms[39m
[32m[Nest] 23036  - [39m03/04/2026, 2:20:14 pm [32m    LOG[39m [38;5;3m[RouterExplorer] [39m[32mMapped {/api/events/search, GET} route[39m[38;5;3m +0ms[39m
[32m[Nest] 23036  - [39m03/04/2026, 2:20:14 pm [32m    LOG[39m [38;5;3m[RouterExplorer] [39m[32mMapped {/api/events/my-events, GET} route[39m[38;5;3m +0ms[39m
[32m[Nest] 23036  - [39m03/04/2026, 2:20:14 pm [32m    LOG[39m [38;5;3m[RouterExplorer] [39m[32mMapped {/api/events/registered, GET} route[39m[38;5;3m +0ms[39m
[32m[Nest] 23036  - [39m03/04/2026, 2:20:14 pm [32m    LOG[39m [38;5;3m[RouterExplorer] [39m[32mMapped {/api/events/attended, GET} route[39m[38;5;3m +1ms[39m
[32m[Nest] 23036  - [39m03/04/2026, 2:20:14 pm [32m    LOG[39m [38;5;3m[RouterExplorer] [39m[32mMapped {/api/events/club/:clubId, GET} route[39m[38;5;3m +0ms[39m
[32m[Nest] 23036  - [39m03/04/2026, 2:20:14 pm [32m    LOG[39m [38;5;3m[RouterExplorer] [39m[32mMapped {/api/events/:id, GET} route[39m[38;5;3m +0ms[39m
[32m[Nest] 23036  - [39m03/04/2026, 2:20:14 pm [32m    LOG[39m [38;5;3m[RouterExplorer] [39m[32mMapped {/api/events/:id, PATCH} route[39m[38;5;3m +0ms[39m
[32m[Nest] 23036  - [39m03/04/2026, 2:20:14 pm [32m    LOG[39m [38;5;3m[RouterExplorer] [39m[32mMapped {/api/events/:id/status, PATCH} route[39m[38;5;3m +0ms[39m
[32m[Nest] 23036  - [39m03/04/2026, 2:20:14 pm [32m    LOG[39m [38;5;3m[RouterExplorer] [39m[32mMapped {/api/events/:id, DELETE} route[39m[38;5;3m +0ms[39m
[32m[Nest] 23036  - [39m03/04/2026, 2:20:14 pm [32m    LOG[39m [38;5;3m[RouterExplorer] [39m[32mMapped {/api/events/:id/register, POST} route[39m[38;5;3m +1ms[39m
[32m[Nest] 23036  - [39m03/04/2026, 2:20:14 pm [32m    LOG[39m [38;5;3m[RouterExplorer] [39m[32mMapped {/api/events/:id/unregister, POST} route[39m[38;5;3m +0ms[39m
[32m[Nest] 23036  - [39m03/04/2026, 2:20:14 pm [32m    LOG[39m [38;5;3m[RouterExplorer] [39m[32mMapped {/api/events/:id/attendance/:userId, POST} route[39m[38;5;3m +0ms[39m
[32m[Nest] 23036  - [39m03/04/2026, 2:20:14 pm [32m    LOG[39m [38;5;3m[RoutesResolver] [39m[32mNotificationsController {/api/notifications}:[39m[38;5;3m +0ms[39m
[32m[Nest] 23036  - [39m03/04/2026, 2:20:14 pm [32m    LOG[39m [38;5;3m[RouterExplorer] [39m[32mMapped {/api/notifications, POST} route[39m[38;5;3m +0ms[39m
[32m[Nest] 23036  - [39m03/04/2026, 2:20:14 pm [32m    LOG[39m [38;5;3m[RouterExplorer] [39m[32mMapped {/api/notifications, GET} route[39m[38;5;3m +1ms[39m
[32m[Nest] 23036  - [39m03/04/2026, 2:20:14 pm [32m    LOG[39m [38;5;3m[RouterExplorer] [39m[32mMapped {/api/notifications/my-notifications, GET} route[39m[38;5;3m +0ms[39m
[32m[Nest] 23036  - [39m03/04/2026, 2:20:14 pm [32m    LOG[39m [38;5;3m[RouterExplorer] [39m[32mMapped {/api/notifications/unread, GET} route[39m[38;5;3m +0ms[39m
[32m[Nest] 23036  - [39m03/04/2026, 2:20:14 pm [32m    LOG[39m [38;5;3m[RouterExplorer] [39m[32mMapped {/api/notifications/unread-count, GET} route[39m[38;5;3m +0ms[39m
[32m[Nest] 23036  - [39m03/04/2026, 2:20:14 pm [32m    LOG[39m [38;5;3m[RouterExplorer] [39m[32mMapped {/api/notifications/:id, GET} route[39m[38;5;3m +0ms[39m
[32m[Nest] 23036  - [39m03/04/2026, 2:20:14 pm [32m    LOG[39m [38;5;3m[RouterExplorer] [39m[32mMapped {/api/notifications/:id/read, PATCH} route[39m[38;5;3m +1ms[39m
[32m[Nest] 23036  - [39m03/04/2026, 2:20:14 pm [32m    LOG[39m [38;5;3m[RouterExplorer] [39m[32mMapped {/api/notifications/mark-all-read, PATCH} route[39m[38;5;3m +0ms[39m
[32m[Nest] 23036  - [39m03/04/2026, 2:20:14 pm [32m    LOG[39m [38;5;3m[RouterExplorer] [39m[32mMapped {/api/notifications/:id, DELETE} route[39m[38;5;3m +0ms[39m
[32m[Nest] 23036  - [39m03/04/2026, 2:20:14 pm [32m    LOG[39m [38;5;3m[RouterExplorer] [39m[32mMapped {/api/notifications/announcement, POST} route[39m[38;5;3m +0ms[39m
[32m[Nest] 23036  - [39m03/04/2026, 2:20:14 pm [32m    LOG[39m [38;5;3m[NestApplication] [39m[32mNest application successfully started[39m[38;5;3m +2ms[39m
Application is running on: http://localhost:3001
node : [31m[Nest] 
23036  - 
[39m03/04/2026, 
2:20:47 pm [31m  
ERROR[39m [38;5;3m[Exc
eptionsHandler] 
[39mTypeError: next is 
not a function
At line:1 char:1
+ node dist/main.js > 
actual_error.log 2>&1
+ ~~~~~~~~~~~~~~~~~~~~~~
~~~~~~~~~~~~~~~~~~~
    + CategoryInfo      
        : NotSpecified: 
(    [31m[Nest] 230... 
not     a 
function:String) [    
], RemoteException
    + 
FullyQualifiedError    
Id : NativeCommandErr   
 or
 
    at 
model.<anonymous> [90m(
C:\Users\kotap\OneDrive\
Desktop\IDP-CMS\backend\
[39mdist\users\schemas\
user.schema.js:78:5[90m
)[39m
    at async 
Kareem.execPre [90m(C:\
Users\kotap\OneDrive\Des
ktop\IDP-CMS\backend\[3
9mnode_modules\[4mkaree
m[24m\index.js:70:24[9
0m)[39m
    at async 
model.$__save [90m(C:\U
sers\kotap\OneDrive\Desk
top\IDP-CMS\backend\[39
mnode_modules\[4mmongoo
se[24m\lib\model.js:394
:5[90m)[39m
    at async model.save 
[90m(C:\Users\kotap\One
Drive\Desktop\IDP-CMS\ba
ckend\[39mnode_modules\
[4mmongoose[24m\lib\mo
del.js:664:5[90m)[39m
    at async 
AuthService.register [9
0m(C:\Users\kotap\OneDri
ve\Desktop\IDP-CMS\backe
nd\[39mdist\auth\auth.s
ervice.js:60:22[90m)[3
9m
    at async [90mC:\Use
rs\kotap\OneDrive\Deskto
p\IDP-CMS\backend\[39mn
ode_modules\[4m@nestjs
[24m\core\router\router-
execution-context.js:46:
28
    at async [90mC:\Use
rs\kotap\OneDrive\Deskto
p\IDP-CMS\backend\[39mn
ode_modules\[4m@nestjs
[24m\core\router\router-
proxy.js:9:17
